{
  "stats": {
    "suites": 4,
    "tests": 6,
    "passes": 6,
    "pending": 0,
    "failures": 0,
    "start": "2022-03-12T16:12:46.916Z",
    "end": "2022-03-12T16:12:48.796Z",
    "duration": 1880,
    "testsRegistered": 6,
    "passPercent": 100,
    "pendingPercent": 0,
    "other": 0,
    "hasOther": false,
    "skipped": 0,
    "hasSkipped": false
  },
  "results": [
    {
      "uuid": "da1c30fe-e444-43c7-9be5-d5819b16fe30",
      "title": "",
      "fullFile": "",
      "file": "",
      "beforeHooks": [],
      "afterHooks": [],
      "tests": [],
      "suites": [
        {
          "uuid": "9e062dd6-206e-4d9b-9cff-a61b749c48cc",
          "title": "Book trips mutation",
          "fullFile": "/Users/bohdansyvodiedov/Projects/rimac-test-task/tests/bookTripMutatition.ts",
          "file": "/tests/bookTripMutatition.ts",
          "beforeHooks": [
            {
              "title": "\"before all\" hook in \"Book trips mutation\"",
              "fullTitle": "Book trips mutation \"before all\" hook in \"Book trips mutation\"",
              "timedOut": false,
              "duration": 69,
              "state": null,
              "speed": null,
              "pass": false,
              "fail": false,
              "pending": false,
              "context": null,
              "code": "__awaiter(void 0, void 0, void 0, function* () {\n        yield apollo_1.default.login(\"bohdan@apollographql.com\");\n    })",
              "err": {},
              "uuid": "1c9ab476-7d66-46fa-9beb-d568c203f023",
              "parentUUID": "9e062dd6-206e-4d9b-9cff-a61b749c48cc",
              "isHook": true,
              "skipped": false
            }
          ],
          "afterHooks": [],
          "tests": [
            {
              "title": "Should successfully book trip",
              "fullTitle": "Book trips mutation Should successfully book trip",
              "timedOut": false,
              "duration": 479,
              "state": "passed",
              "speed": "slow",
              "pass": true,
              "fail": false,
              "pending": false,
              "context": null,
              "code": "__awaiter(void 0, void 0, void 0, function* () {\n        const response = yield apollo_1.default.bookTrips(101);\n        (0, chai_1.expect)(response.bookTrips.success).to.be.true;\n    })",
              "err": {},
              "uuid": "3a7e80ed-cf7f-4f35-a97e-f5e3f00ff568",
              "parentUUID": "9e062dd6-206e-4d9b-9cff-a61b749c48cc",
              "isHook": false,
              "skipped": false
            }
          ],
          "suites": [],
          "passes": [
            "3a7e80ed-cf7f-4f35-a97e-f5e3f00ff568"
          ],
          "failures": [],
          "pending": [],
          "skipped": [],
          "duration": 479,
          "root": false,
          "rootEmpty": false,
          "_timeout": 2000
        },
        {
          "uuid": "36e96959-3485-4ba7-841b-cccbeb8ce59c",
          "title": "Launch query",
          "fullFile": "/Users/bohdansyvodiedov/Projects/rimac-test-task/tests/launchQuery.ts",
          "file": "/tests/launchQuery.ts",
          "beforeHooks": [],
          "afterHooks": [],
          "tests": [
            {
              "title": "Should successfully get launch data by id 100",
              "fullTitle": "Launch query Should successfully get launch data by id 100",
              "timedOut": false,
              "duration": 418,
              "state": "passed",
              "speed": "slow",
              "pass": true,
              "fail": false,
              "pending": false,
              "context": null,
              "code": "__awaiter(void 0, void 0, void 0, function* () {\n            const response = yield apollo_1.default.launch(testData.id);\n            (0, chai_1.expect)(response).to.deep.equal(testData.data);\n        })",
              "err": {},
              "uuid": "021cedd0-84af-45b7-b923-0b571c162a44",
              "parentUUID": "36e96959-3485-4ba7-841b-cccbeb8ce59c",
              "isHook": false,
              "skipped": false
            },
            {
              "title": "Should successfully get launch data by id 101",
              "fullTitle": "Launch query Should successfully get launch data by id 101",
              "timedOut": false,
              "duration": 17,
              "state": "passed",
              "speed": "fast",
              "pass": true,
              "fail": false,
              "pending": false,
              "context": null,
              "code": "__awaiter(void 0, void 0, void 0, function* () {\n            const response = yield apollo_1.default.launch(testData.id);\n            (0, chai_1.expect)(response).to.deep.equal(testData.data);\n        })",
              "err": {},
              "uuid": "3b21e6fb-457d-478e-bc82-266118c59bc2",
              "parentUUID": "36e96959-3485-4ba7-841b-cccbeb8ce59c",
              "isHook": false,
              "skipped": false
            }
          ],
          "suites": [],
          "passes": [
            "021cedd0-84af-45b7-b923-0b571c162a44",
            "3b21e6fb-457d-478e-bc82-266118c59bc2"
          ],
          "failures": [],
          "pending": [],
          "skipped": [],
          "duration": 435,
          "root": false,
          "rootEmpty": false,
          "_timeout": 2000
        },
        {
          "uuid": "2ad3a4e2-f9f0-4829-89d9-6839e589bc40",
          "title": "Launches query",
          "fullFile": "/Users/bohdansyvodiedov/Projects/rimac-test-task/tests/launchQuery.ts",
          "file": "/tests/launchQuery.ts",
          "beforeHooks": [],
          "afterHooks": [],
          "tests": [
            {
              "title": "Should successfully get 10 launches",
              "fullTitle": "Launches query Should successfully get 10 launches",
              "timedOut": false,
              "duration": 842,
              "state": "passed",
              "speed": "slow",
              "pass": true,
              "fail": false,
              "pending": false,
              "context": null,
              "code": "__awaiter(void 0, void 0, void 0, function* () {\n        const response = yield apollo_1.default.getLaunches(pageSize);\n        (0, chai_1.expect)(response.launches.launches).to.have.lengthOf(pageSize);\n    })",
              "err": {},
              "uuid": "f04254d1-4fd0-4ea0-b27d-1bdadde283c6",
              "parentUUID": "2ad3a4e2-f9f0-4829-89d9-6839e589bc40",
              "isHook": false,
              "skipped": false
            }
          ],
          "suites": [],
          "passes": [
            "f04254d1-4fd0-4ea0-b27d-1bdadde283c6"
          ],
          "failures": [],
          "pending": [],
          "skipped": [],
          "duration": 842,
          "root": false,
          "rootEmpty": false,
          "_timeout": 2000
        },
        {
          "uuid": "9f92b8b6-8ef8-4942-91c9-8f28158f136b",
          "title": "Login mutation",
          "fullFile": "/Users/bohdansyvodiedov/Projects/rimac-test-task/tests/loginMutation.ts",
          "file": "/tests/loginMutation.ts",
          "beforeHooks": [],
          "afterHooks": [],
          "tests": [
            {
              "title": "Should successfully log in with 'bohdan@apollographql.com' email",
              "fullTitle": "Login mutation Should successfully log in with 'bohdan@apollographql.com' email",
              "timedOut": false,
              "duration": 30,
              "state": "passed",
              "speed": "fast",
              "pass": true,
              "fail": false,
              "pending": false,
              "context": null,
              "code": "__awaiter(void 0, void 0, void 0, function* () {\n            yield apollo_1.default.login(email);\n            const data = yield apollo_1.default.me();\n            (0, chai_1.expect)(data.me.email).to.equal(email);\n        })",
              "err": {},
              "uuid": "118504d5-43b2-4c0a-8c0b-fb1e55e6f01e",
              "parentUUID": "9f92b8b6-8ef8-4942-91c9-8f28158f136b",
              "isHook": false,
              "skipped": false
            },
            {
              "title": "Should successfully log in with 'anotherEmail@apollographql.com' email",
              "fullTitle": "Login mutation Should successfully log in with 'anotherEmail@apollographql.com' email",
              "timedOut": false,
              "duration": 18,
              "state": "passed",
              "speed": "fast",
              "pass": true,
              "fail": false,
              "pending": false,
              "context": null,
              "code": "__awaiter(void 0, void 0, void 0, function* () {\n            yield apollo_1.default.login(email);\n            const data = yield apollo_1.default.me();\n            (0, chai_1.expect)(data.me.email).to.equal(email);\n        })",
              "err": {},
              "uuid": "45227934-3abc-4401-9ec2-a7648ebfe1f6",
              "parentUUID": "9f92b8b6-8ef8-4942-91c9-8f28158f136b",
              "isHook": false,
              "skipped": false
            }
          ],
          "suites": [],
          "passes": [
            "118504d5-43b2-4c0a-8c0b-fb1e55e6f01e",
            "45227934-3abc-4401-9ec2-a7648ebfe1f6"
          ],
          "failures": [],
          "pending": [],
          "skipped": [],
          "duration": 48,
          "root": false,
          "rootEmpty": false,
          "_timeout": 2000
        }
      ],
      "passes": [],
      "failures": [],
      "pending": [],
      "skipped": [],
      "duration": 0,
      "root": true,
      "rootEmpty": true,
      "_timeout": 2000
    }
  ],
  "meta": {
    "mocha": {
      "version": "9.2.2"
    },
    "mochawesome": {
      "options": {
        "quiet": false,
        "reportFilename": "mochawesome",
        "saveHtml": true,
        "saveJson": true,
        "consoleReporter": "spec",
        "useInlineDiffs": false,
        "code": true
      },
      "version": "7.1.2"
    },
    "marge": {
      "options": null,
      "version": "6.1.1"
    }
  }
}